<?xml version="1.0" encoding="UTF-8"?>
<!-- Generated by org.testng.reporters.JUnitReportReporter -->
<testsuite hostname="VIPUL-PC" failures="0" tests="1" name="com.test.LoginTest" time="40.156" errors="0" timestamp="2020-04-07T10:59:36 IST" skipped="0">
  <testcase classname="com.test.LoginTest" name="googleSearch" time="40.156"/>
</testsuite> <!-- com.test.LoginTest -->
